9.3036 	WARNING 	User requested fullscreen with size [1024  768], but screen is actually [1920, 1080]. Using actual size
10.4996 	EXP 	Created window1 = Window(allowGUI=True, allowStencil=False, autoLog=True, backendConf=UNKNOWN, backgroundFit=<method-wrapper '__getattribute__' of attributeSetter object at 0x000001DD281E5AC0>, backgroundImage=<method-wrapper '__getattribute__' of attributeSetter object at 0x000001DD281E5A60>, bitsMode=UNKNOWN, blendMode='avg', bpc=(8, 8, 8), color=array([0, 0, 0]), colorSpace='rgb', depthBits=8, fullscr=<method-wrapper '__getattribute__' of attributeSetter object at 0x000001DD281E5790>, gamma=None, gammaErrorPolicy='raise', lms=UNKNOWN, monitor=<psychopy.monitors.calibTools.Monitor object at 0x000001DD2C4EF790>, multiSample=False, name='window1', numSamples=2, pos=(0, 0), screen=0, size=array([1920, 1080]), stencilBits=0, stereo=False, units='height', useFBO=True, useRetina=False, viewOri=0.0, viewPos=None, viewScale=None, waitBlanking=True, winType='pyglet')
10.4999 	EXP 	window1: mouseVisible = True
10.5000 	EXP 	window1: backgroundImage = ''
10.5000 	EXP 	window1: backgroundFit = 'none'
10.5002 	EXP 	window1: mouseVisible = False
10.5003 	EXP 	window1: Attempting to measure frame rate of screen (0) ...
10.5003 	EXP 	window1: recordFrameIntervals = False
10.6654 	EXP 	window1: recordFrameIntervals = True
10.8488 	EXP 	Screen (0) actual frame rate measured at 60.12Hz
10.8489 	EXP 	window1: recordFrameIntervals = False
13.3347 	EXP 	Created text = TextStim(__class__=<class 'psychopy.visual.text.TextStim'>, alignHoriz=method-wrapper(...), alignText='center', alignVert=method-wrapper(...), anchorHoriz='center', anchorVert='center', antialias=True, autoDraw=False, autoLog=True, bold=False, color=array([1., 1., 1.]), colorSpace='rgb', contrast=1.0, depth=0.0, flipHoriz=False, flipVert=False, font='Open Sans', fontFiles=[], height=0.05, italic=False, languageStyle='LTR', name='text', opacity=1.0, ori=0.0, pos=array([0., 0.]), rgb=UNKNOWN, text='red', units='height', win=Window(...), wrapWidth=1)
13.3436 	EXP 	Created sequence: random, trialTypes=1, nReps=5, seed=None
13.3442 	EXP 	New trial (rep=0, index=0): None
13.8567 	EXP 	text: autoDraw = True
14.5151 	EXP 	New trial (rep=1, index=0): None
14.5172 	DATA 	Keypress: left
14.5276 	EXP 	text: autoDraw = False
15.0271 	EXP 	text: autoDraw = True
15.3775 	DATA 	Keypress: right
15.3947 	EXP 	New trial (rep=2, index=0): None
15.4090 	EXP 	text: autoDraw = False
15.9083 	EXP 	text: autoDraw = True
16.2106 	EXP 	New trial (rep=3, index=0): None
16.2121 	DATA 	Keypress: left
16.2248 	EXP 	text: autoDraw = False
16.7250 	EXP 	text: autoDraw = True
17.0102 	EXP 	New trial (rep=4, index=0): None
17.0115 	DATA 	Keypress: right
17.0238 	EXP 	text: autoDraw = False
17.5233 	EXP 	text: autoDraw = True
17.7914 	DATA 	Keypress: left
17.8064 	EXP 	text: autoDraw = False
17.8356 	EXP 	window1: mouseVisible = True
